SFML Tutorial 2.obj : error LNK2019: símbolo externo não resolvido, "__declspec(dllimport) public: __thiscall sf::String::String(char const *,class std::locale const &)" (__imp_??0String@sf@@QAE@PBDABVlocale@std@@@Z), referenciado na função _main
SFML Tutorial 2.obj : error LNK2019: símbolo externo não resolvido, "__declspec(dllimport) public: __thiscall sf::String::~String(void)" (__imp_??1String@sf@@QAE@XZ), referenciado na função _main
SFML Tutorial 2.obj : error LNK2019: símbolo externo não resolvido, "__declspec(dllimport) public: __thiscall sf::VideoMode::VideoMode(unsigned int,unsigned int,unsigned int)" (__imp_??0VideoMode@sf@@QAE@III@Z), referenciado na função _main
SFML Tutorial 2.obj : error LNK2019: símbolo externo não resolvido, "__declspec(dllimport) public: void __thiscall sf::Window::close(void)" (__imp_?close@Window@sf@@QAEXXZ), referenciado na função _main
SFML Tutorial 2.obj : error LNK2019: símbolo externo não resolvido, "__declspec(dllimport) public: bool __thiscall sf::Window::isOpen(void)const " (__imp_?isOpen@Window@sf@@QBE_NXZ), referenciado na função _main
SFML Tutorial 2.obj : error LNK2019: símbolo externo não resolvido, "__declspec(dllimport) public: bool __thiscall sf::Window::pollEvent(class sf::Event &)" (__imp_?pollEvent@Window@sf@@QAE_NAAVEvent@2@@Z), referenciado na função _main
SFML Tutorial 2.obj : error LNK2019: símbolo externo não resolvido, "__declspec(dllimport) public: void __thiscall sf::Window::display(void)" (__imp_?display@Window@sf@@QAEXXZ), referenciado na função _main
SFML Tutorial 2.obj : error LNK2019: símbolo externo não resolvido, "__declspec(dllimport) public: __thiscall sf::Color::Color(unsigned char,unsigned char,unsigned char,unsigned char)" (__imp_??0Color@sf@@QAE@EEEE@Z), referenciado na função _main
SFML Tutorial 2.obj : error LNK2019: símbolo externo não resolvido, "__declspec(dllimport) public: void __thiscall sf::Shape::setFillColor(class sf::Color const &)" (__imp_?setFillColor@Shape@sf@@QAEXABVColor@2@@Z), referenciado na função _main
SFML Tutorial 2.obj : error LNK2019: símbolo externo não resolvido, "__declspec(dllimport) public: __thiscall sf::CircleShape::CircleShape(float,unsigned int)" (__imp_??0CircleShape@sf@@QAE@MI@Z), referenciado na função _main
SFML Tutorial 2.obj : error LNK2019: símbolo externo não resolvido, "__declspec(dllimport) public: virtual __thiscall sf::CircleShape::~CircleShape(void)" (__imp_??1CircleShape@sf@@UAE@XZ), referenciado na função _main
SFML Tutorial 2.obj : error LNK2019: símbolo externo não resolvido, "__declspec(dllimport) public: void __thiscall sf::RenderTarget::clear(class sf::Color const &)" (__imp_?clear@RenderTarget@sf@@QAEXABVColor@2@@Z), referenciado na função _main
SFML Tutorial 2.obj : error LNK2019: símbolo externo não resolvido, "__declspec(dllimport) public: void __thiscall sf::RenderTarget::draw(class sf::Drawable const &,class sf::RenderStates const &)" (__imp_?draw@RenderTarget@sf@@QAEXABVDrawable@2@ABVRenderStates@2@@Z), referenciado na função _main
SFML Tutorial 2.obj : error LNK2019: símbolo externo não resolvido, "__declspec(dllimport) public: __thiscall sf::RenderWindow::RenderWindow(class sf::VideoMode,class sf::String const &,unsigned int,struct sf::ContextSettings const &)" (__imp_??0RenderWindow@sf@@QAE@VVideoMode@1@ABVString@1@IABUContextSettings@1@@Z), referenciado na função _main
SFML Tutorial 2.obj : error LNK2019: símbolo externo não resolvido, "__declspec(dllimport) public: virtual __thiscall sf::RenderWindow::~RenderWindow(void)" (__imp_??1RenderWindow@sf@@UAE@XZ), referenciado na função _main
SFML Tutorial 2.obj : error LNK2019: símbolo externo não resolvido, "__declspec(dllimport) public: static class sf::RenderStates const sf::RenderStates::Default" (__imp_?Default@RenderStates@sf@@2V12@B), referenciado na função _main
SFML Tutorial 2.obj : error LNK2019: símbolo externo não resolvido, "__declspec(dllimport) public: static class sf::Color const sf::Color::Green" (__imp_?Green@Color@sf@@2V12@B), referenciado na função _main
C:\Users\Pedro\Documents\Code\graphics tests\SFML Tutorial\SFML Tutorial 2\sfml\lib\sfml-system-d.lib : warning LNK4272: o tipo de máquina da biblioteca 'x64' está em conflito com o tipo de máquina de destino 'x86'
C:\Users\Pedro\Documents\Code\graphics tests\SFML Tutorial\SFML Tutorial 2\sfml\lib\sfml-graphics-d.lib : warning LNK4272: o tipo de máquina da biblioteca 'x64' está em conflito com o tipo de máquina de destino 'x86'
C:\Users\Pedro\Documents\Code\graphics tests\SFML Tutorial\SFML Tutorial 2\sfml\lib\sfml-audio-d.lib : warning LNK4272: o tipo de máquina da biblioteca 'x64' está em conflito com o tipo de máquina de destino 'x86'
C:\Users\Pedro\Documents\Code\graphics tests\SFML Tutorial\SFML Tutorial 2\sfml\lib\sfml-window-d.lib : warning LNK4272: o tipo de máquina da biblioteca 'x64' está em conflito com o tipo de máquina de destino 'x86'
C:\Users\Pedro\Documents\Code\graphics tests\SFML Tutorial\SFML Tutorial 2\sfml\lib\sfml-network-d.lib : warning LNK4272: o tipo de máquina da biblioteca 'x64' está em conflito com o tipo de máquina de destino 'x86'
C:\Users\Pedro\Documents\Code\graphics tests\SFML Tutorial\SFML Tutorial 2\Debug\SFML Tutorial 2.exe : fatal error LNK1120: 17 externo não resolvidos
